<?xml version="1.0" encoding="UTF-8"?>
<testng-results ignored="0" total="8" passed="7" failed="1" skipped="0">
  <reporter-output>
  </reporter-output>
  <suite started-at="2023-02-23T21:08:45 EET" name="Teste Emag" finished-at="2023-02-23T21:09:01 EET" duration-ms="16323">
    <groups>
      <group name="Grupa1">
        <method signature="EmagPageTest.demoQaFormPageTest()[pri:0, instance:org.skillbrain.EmagPageTest@6e38921c]" name="demoQaFormPageTest" class="org.skillbrain.EmagPageTest"/>
      </group> <!-- Grupa1 -->
    </groups>
    <test started-at="2023-02-23T21:08:45 EET" name="/Users/cristiansandu/IdeaProjects/Test/Helin-QAC-g1-17-11-22/src/test" finished-at="2023-02-23T21:09:01 EET" duration-ms="16323">
      <class name="org.skillbrain.EmagPageTest">
        <test-method is-config="true" signature="initializeDriver()[pri:0, instance:org.skillbrain.EmagPageTest@6e38921c]" started-at="2023-02-23T21:08:44 EET" name="initializeDriver" finished-at="2023-02-23T21:08:45 EET" duration-ms="1476" status="PASS">
          <reporter-output>
          </reporter-output>
        </test-method> <!-- initializeDriver -->
        <test-method signature="emagPageTest()[pri:0, instance:org.skillbrain.EmagPageTest@6e38921c]" started-at="2023-02-23T21:08:45 EET" name="emagPageTest" finished-at="2023-02-23T21:08:54 EET" duration-ms="8464" status="PASS">
          <reporter-output>
          </reporter-output>
        </test-method> <!-- emagPageTest -->
        <test-method signature="demoQaFormPageTest()[pri:0, instance:org.skillbrain.EmagPageTest@6e38921c]" started-at="2023-02-23T21:08:54 EET" name="demoQaFormPageTest" finished-at="2023-02-23T21:08:56 EET" duration-ms="2500" status="PASS">
          <reporter-output>
          </reporter-output>
        </test-method> <!-- demoQaFormPageTest -->
        <test-method signature="parameterTest(java.lang.String)[pri:0, instance:org.skillbrain.EmagPageTest@6e38921c]" started-at="2023-02-23T21:08:56 EET" name="parameterTest" data-provider="endpointList" finished-at="2023-02-23T21:08:57 EET" duration-ms="617" status="PASS">
          <params>
            <param index="0">
              <value>
                <![CDATA[elements]]>
              </value>
            </param>
          </params>
          <reporter-output>
          </reporter-output>
        </test-method> <!-- parameterTest -->
        <test-method signature="parameterTest(java.lang.String)[pri:0, instance:org.skillbrain.EmagPageTest@6e38921c]" started-at="2023-02-23T21:08:57 EET" name="parameterTest" data-provider="endpointList" finished-at="2023-02-23T21:08:57 EET" duration-ms="481" status="PASS">
          <params>
            <param index="0">
              <value>
                <![CDATA[forms]]>
              </value>
            </param>
          </params>
          <reporter-output>
          </reporter-output>
        </test-method> <!-- parameterTest -->
        <test-method signature="parameterTest(java.lang.String)[pri:0, instance:org.skillbrain.EmagPageTest@6e38921c]" started-at="2023-02-23T21:08:57 EET" name="parameterTest" data-provider="endpointList" finished-at="2023-02-23T21:08:58 EET" duration-ms="495" status="PASS">
          <params>
            <param index="0">
              <value>
                <![CDATA[alertsWindows]]>
              </value>
            </param>
          </params>
          <reporter-output>
          </reporter-output>
        </test-method> <!-- parameterTest -->
        <test-method signature="parameterTest(java.lang.String)[pri:0, instance:org.skillbrain.EmagPageTest@6e38921c]" started-at="2023-02-23T21:08:58 EET" name="parameterTest" data-provider="endpointList" finished-at="2023-02-23T21:08:58 EET" duration-ms="203" status="PASS">
          <params>
            <param index="0">
              <value>
                <![CDATA[books]]>
              </value>
            </param>
          </params>
          <reporter-output>
          </reporter-output>
        </test-method> <!-- parameterTest -->
        <test-method signature="parameterTest(java.lang.String)[pri:0, instance:org.skillbrain.EmagPageTest@6e38921c]" started-at="2023-02-23T21:08:58 EET" name="parameterTest" data-provider="endpointList" finished-at="2023-02-23T21:08:58 EET" duration-ms="505" status="PASS">
          <params>
            <param index="0">
              <value>
                <![CDATA[widgets]]>
              </value>
            </param>
          </params>
          <reporter-output>
          </reporter-output>
        </test-method> <!-- parameterTest -->
        <test-method signature="emagSecondTest()[pri:0, instance:org.skillbrain.EmagPageTest@6e38921c]" started-at="2023-02-23T21:08:58 EET" name="emagSecondTest" finished-at="2023-02-23T21:09:01 EET" depends-on-methods="org.skillbrain.EmagPageTest.emagPageTest" duration-ms="3028" status="FAIL">
          <exception class="org.openqa.selenium.NoSuchElementException">
            <message>
              <![CDATA[no such element: Unable to locate element: {"method":"css selector","selector":"#user_login_email"}
  (Session info: chrome=110.0.5481.177)
For documentation on this error, please visit: https://selenium.dev/exceptions/#no_such_element
Build info: version: '4.7.2', revision: '4d4020c3b7'
System info: os.name: 'Mac OS X', os.arch: 'aarch64', os.version: '13.2.1', java.version: '18.0.2.1'
Driver info: org.openqa.selenium.chrome.ChromeDriver
Command: [c9838554f33d5aa3ea74cf7c8eb2bdd8, findElement {using=id, value=user_login_email}]
Capabilities {acceptInsecureCerts: false, browserName: chrome, browserVersion: 110.0.5481.177, chrome: {chromedriverVersion: 109.0.5414.74 (e7c5703604da..., userDataDir: /var/folders/sd/l19phb1d6rl...}, goog:chromeOptions: {debuggerAddress: localhost:65327}, networkConnectionEnabled: false, pageLoadStrategy: normal, platformName: MAC, proxy: Proxy(), se:cdp: ws://localhost:65327/devtoo..., se:cdpVersion: 110.0.5481.177, setWindowRect: true, strictFileInteractability: false, timeouts: {implicit: 0, pageLoad: 300000, script: 30000}, unhandledPromptBehavior: dismiss and notify, webauthn:extension:credBlob: true, webauthn:extension:largeBlob: true, webauthn:virtualAuthenticators: true}
Session ID: c9838554f33d5aa3ea74cf7c8eb2bdd8]]>
            </message>
            <full-stacktrace>
              <![CDATA[org.openqa.selenium.NoSuchElementException: no such element: Unable to locate element: {"method":"css selector","selector":"#user_login_email"}
  (Session info: chrome=110.0.5481.177)
For documentation on this error, please visit: https://selenium.dev/exceptions/#no_such_element
Build info: version: '4.7.2', revision: '4d4020c3b7'
System info: os.name: 'Mac OS X', os.arch: 'aarch64', os.version: '13.2.1', java.version: '18.0.2.1'
Driver info: org.openqa.selenium.chrome.ChromeDriver
Command: [c9838554f33d5aa3ea74cf7c8eb2bdd8, findElement {using=id, value=user_login_email}]
Capabilities {acceptInsecureCerts: false, browserName: chrome, browserVersion: 110.0.5481.177, chrome: {chromedriverVersion: 109.0.5414.74 (e7c5703604da..., userDataDir: /var/folders/sd/l19phb1d6rl...}, goog:chromeOptions: {debuggerAddress: localhost:65327}, networkConnectionEnabled: false, pageLoadStrategy: normal, platformName: MAC, proxy: Proxy(), se:cdp: ws://localhost:65327/devtoo..., se:cdpVersion: 110.0.5481.177, setWindowRect: true, strictFileInteractability: false, timeouts: {implicit: 0, pageLoad: 300000, script: 30000}, unhandledPromptBehavior: dismiss and notify, webauthn:extension:credBlob: true, webauthn:extension:largeBlob: true, webauthn:virtualAuthenticators: true}
Session ID: c9838554f33d5aa3ea74cf7c8eb2bdd8
at java.base/jdk.internal.reflect.DirectConstructorHandleAccessor.newInstance(DirectConstructorHandleAccessor.java:67)
at java.base/java.lang.reflect.Constructor.newInstanceWithCaller(Constructor.java:499)
at java.base/java.lang.reflect.Constructor.newInstance(Constructor.java:483)
at org.openqa.selenium.remote.codec.w3c.W3CHttpResponseCodec.createException(W3CHttpResponseCodec.java:200)
at org.openqa.selenium.remote.codec.w3c.W3CHttpResponseCodec.decode(W3CHttpResponseCodec.java:133)
at org.openqa.selenium.remote.codec.w3c.W3CHttpResponseCodec.decode(W3CHttpResponseCodec.java:53)
at org.openqa.selenium.remote.HttpCommandExecutor.execute(HttpCommandExecutor.java:184)
at org.openqa.selenium.remote.service.DriverCommandExecutor.invokeExecute(DriverCommandExecutor.java:167)
at org.openqa.selenium.remote.service.DriverCommandExecutor.execute(DriverCommandExecutor.java:142)
at org.openqa.selenium.remote.RemoteWebDriver.execute(RemoteWebDriver.java:535)
at org.openqa.selenium.remote.ElementLocation$ElementFinder$2.findElement(ElementLocation.java:162)
at org.openqa.selenium.remote.ElementLocation.findElement(ElementLocation.java:66)
at org.openqa.selenium.remote.RemoteWebDriver.findElement(RemoteWebDriver.java:351)
at org.openqa.selenium.remote.RemoteWebDriver.findElement(RemoteWebDriver.java:343)
at org.openqa.selenium.support.pagefactory.DefaultElementLocator.findElement(DefaultElementLocator.java:70)
at org.openqa.selenium.support.pagefactory.internal.LocatingElementHandler.invoke(LocatingElementHandler.java:39)
at jdk.proxy2/jdk.proxy2.$Proxy16.sendKeys(Unknown Source)
at org.skillbrain.EmagPageTest.emagSecondTest(EmagPageTest.java:59)
at java.base/jdk.internal.reflect.DirectMethodHandleAccessor.invoke(DirectMethodHandleAccessor.java:104)
at java.base/java.lang.reflect.Method.invoke(Method.java:577)
at org.testng.internal.MethodInvocationHelper.invokeMethod(MethodInvocationHelper.java:133)
at org.testng.internal.TestInvoker.invokeMethod(TestInvoker.java:598)
at org.testng.internal.TestInvoker.invokeTestMethod(TestInvoker.java:173)
at org.testng.internal.MethodRunner.runInSequence(MethodRunner.java:46)
at org.testng.internal.TestInvoker$MethodInvocationAgent.invoke(TestInvoker.java:824)
at org.testng.internal.TestInvoker.invokeTestMethods(TestInvoker.java:146)
at org.testng.internal.TestMethodWorker.invokeTestMethods(TestMethodWorker.java:146)
at org.testng.internal.TestMethodWorker.run(TestMethodWorker.java:128)
at java.base/java.util.ArrayList.forEach(ArrayList.java:1511)
at org.testng.TestRunner.privateRun(TestRunner.java:794)
at org.testng.TestRunner.run(TestRunner.java:596)
at org.testng.SuiteRunner.runTest(SuiteRunner.java:377)
at org.testng.SuiteRunner.runSequentially(SuiteRunner.java:371)
at org.testng.SuiteRunner.privateRun(SuiteRunner.java:332)
at org.testng.SuiteRunner.run(SuiteRunner.java:276)
at org.testng.SuiteRunnerWorker.runSuite(SuiteRunnerWorker.java:53)
at org.testng.SuiteRunnerWorker.run(SuiteRunnerWorker.java:96)
at org.testng.TestNG.runSuitesSequentially(TestNG.java:1212)
at org.testng.TestNG.runSuitesLocally(TestNG.java:1134)
at org.testng.TestNG.runSuites(TestNG.java:1063)
at org.testng.TestNG.run(TestNG.java:1031)
at com.intellij.rt.testng.IDEARemoteTestNG.run(IDEARemoteTestNG.java:66)
at com.intellij.rt.testng.RemoteTestNGStarter.main(RemoteTestNGStarter.java:109)
]]>
            </full-stacktrace>
          </exception> <!-- org.openqa.selenium.NoSuchElementException -->
          <reporter-output>
          </reporter-output>
        </test-method> <!-- emagSecondTest -->
        <test-method is-config="true" signature="closeDriver()[pri:0, instance:org.skillbrain.EmagPageTest@6e38921c]" started-at="2023-02-23T21:09:01 EET" name="closeDriver" finished-at="2023-02-23T21:09:02 EET" duration-ms="140" status="PASS">
          <reporter-output>
          </reporter-output>
        </test-method> <!-- closeDriver -->
      </class> <!-- org.skillbrain.EmagPageTest -->
    </test> <!-- /Users/cristiansandu/IdeaProjects/Test/Helin-QAC-g1-17-11-22/src/test -->
  </suite> <!-- Teste Emag -->
</testng-results>
